Build output check failed:
    Regex: 'command line option .* is valid for .* but not for C\+\+'
    Output line: 'cc1plus: warning: command line option ‘-Wmissing-prototypes’ is valid for C/ObjC but not for C++ [enabled by default]'
Compilation failed:
    source file: '/users/guest438/scratch/ENGN2560/ENGN2560/opencv-2.4.13.6/build/CMakeFiles/CMakeTmp/src.cxx'
    check option: ' -fsigned-char -W -Wall -Werror=return-type -Werror=address -Werror=sequence-point -Wformat -Werror=format-security -Wmissing-declarations  -Wmissing-prototypes'
===== BUILD LOG =====
Change Dir: /users/guest438/scratch/ENGN2560/ENGN2560/opencv-2.4.13.6/build/CMakeFiles/CMakeTmp

Run Build Command:/usr/bin/gmake "cmTryCompileExec3309132273/fast"
/usr/bin/gmake -f CMakeFiles/cmTryCompileExec3309132273.dir/build.make CMakeFiles/cmTryCompileExec3309132273.dir/build
gmake[1]: Entering directory `/gpfs/scratch/guest438/ENGN2560/ENGN2560/opencv-2.4.13.6/build/CMakeFiles/CMakeTmp'
/usr/bin/cmake -E cmake_progress_report /users/guest438/scratch/ENGN2560/ENGN2560/opencv-2.4.13.6/build/CMakeFiles/CMakeTmp/CMakeFiles 1
Building CXX object CMakeFiles/cmTryCompileExec3309132273.dir/src.cxx.o
/usr/bin/c++    -O3 -DNDEBUG   -fsigned-char -W -Wall -Werror=return-type -Werror=address -Werror=sequence-point -Wformat -Werror=format-security -Wmissing-declarations -Wmissing-prototypes -o CMakeFiles/cmTryCompileExec3309132273.dir/src.cxx.o -c /users/guest438/scratch/ENGN2560/ENGN2560/opencv-2.4.13.6/build/CMakeFiles/CMakeTmp/src.cxx
cc1plus: warning: command line option ‘-Wmissing-prototypes’ is valid for C/ObjC but not for C++ [enabled by default]
/users/guest438/scratch/ENGN2560/ENGN2560/opencv-2.4.13.6/build/CMakeFiles/CMakeTmp/src.cxx:1:0: warning: ignoring #pragma   [-Wunknown-pragmas]
 #pragma
 ^
Linking CXX executable cmTryCompileExec3309132273
/usr/bin/cmake -E cmake_link_script CMakeFiles/cmTryCompileExec3309132273.dir/link.txt --verbose=1
/usr/bin/c++     -O3 -DNDEBUG    CMakeFiles/cmTryCompileExec3309132273.dir/src.cxx.o  -o cmTryCompileExec3309132273 -rdynamic 
gmake[1]: Leaving directory `/gpfs/scratch/guest438/ENGN2560/ENGN2560/opencv-2.4.13.6/build/CMakeFiles/CMakeTmp'

===== END =====

Build output check failed:
    Regex: 'command line option .* is valid for .* but not for C\+\+'
    Output line: 'cc1plus: warning: command line option ‘-Wstrict-prototypes’ is valid for C/ObjC but not for C++ [enabled by default]'
Compilation failed:
    source file: '/users/guest438/scratch/ENGN2560/ENGN2560/opencv-2.4.13.6/build/CMakeFiles/CMakeTmp/src.cxx'
    check option: ' -fsigned-char -W -Wall -Werror=return-type -Werror=address -Werror=sequence-point -Wformat -Werror=format-security -Wmissing-declarations  -Wstrict-prototypes'
===== BUILD LOG =====
Change Dir: /users/guest438/scratch/ENGN2560/ENGN2560/opencv-2.4.13.6/build/CMakeFiles/CMakeTmp

Run Build Command:/usr/bin/gmake "cmTryCompileExec708429318/fast"
/usr/bin/gmake -f CMakeFiles/cmTryCompileExec708429318.dir/build.make CMakeFiles/cmTryCompileExec708429318.dir/build
gmake[1]: Entering directory `/gpfs/scratch/guest438/ENGN2560/ENGN2560/opencv-2.4.13.6/build/CMakeFiles/CMakeTmp'
/usr/bin/cmake -E cmake_progress_report /users/guest438/scratch/ENGN2560/ENGN2560/opencv-2.4.13.6/build/CMakeFiles/CMakeTmp/CMakeFiles 1
Building CXX object CMakeFiles/cmTryCompileExec708429318.dir/src.cxx.o
/usr/bin/c++    -O3 -DNDEBUG   -fsigned-char -W -Wall -Werror=return-type -Werror=address -Werror=sequence-point -Wformat -Werror=format-security -Wmissing-declarations -Wstrict-prototypes -o CMakeFiles/cmTryCompileExec708429318.dir/src.cxx.o -c /users/guest438/scratch/ENGN2560/ENGN2560/opencv-2.4.13.6/build/CMakeFiles/CMakeTmp/src.cxx
cc1plus: warning: command line option ‘-Wstrict-prototypes’ is valid for C/ObjC but not for C++ [enabled by default]
/users/guest438/scratch/ENGN2560/ENGN2560/opencv-2.4.13.6/build/CMakeFiles/CMakeTmp/src.cxx:1:0: warning: ignoring #pragma   [-Wunknown-pragmas]
 #pragma
 ^
Linking CXX executable cmTryCompileExec708429318
/usr/bin/cmake -E cmake_link_script CMakeFiles/cmTryCompileExec708429318.dir/link.txt --verbose=1
/usr/bin/c++     -O3 -DNDEBUG    CMakeFiles/cmTryCompileExec708429318.dir/src.cxx.o  -o cmTryCompileExec708429318 -rdynamic 
gmake[1]: Leaving directory `/gpfs/scratch/guest438/ENGN2560/ENGN2560/opencv-2.4.13.6/build/CMakeFiles/CMakeTmp'

===== END =====

Build output check failed:
    Regex: 'command line option .* is valid for .* but not for C'
    Output line: 'cc1: warning: command line option ‘-Wsign-promo’ is valid for C++/ObjC++ but not for C [enabled by default]'
Compilation failed:
    source file: '/users/guest438/scratch/ENGN2560/ENGN2560/opencv-2.4.13.6/build/CMakeFiles/CMakeTmp/src.c'
    check option: ' -fsigned-char -W -Wall -Werror=return-type -Werror=address -Werror=sequence-point -Wformat -Werror=format-security -Wmissing-declarations -Wmissing-prototypes -Wstrict-prototypes -Wundef -Winit-self -Wpointer-arith -Wshadow  -Wsign-promo'
===== BUILD LOG =====
Change Dir: /users/guest438/scratch/ENGN2560/ENGN2560/opencv-2.4.13.6/build/CMakeFiles/CMakeTmp

Run Build Command:/usr/bin/gmake "cmTryCompileExec1411766715/fast"
/usr/bin/gmake -f CMakeFiles/cmTryCompileExec1411766715.dir/build.make CMakeFiles/cmTryCompileExec1411766715.dir/build
gmake[1]: Entering directory `/gpfs/scratch/guest438/ENGN2560/ENGN2560/opencv-2.4.13.6/build/CMakeFiles/CMakeTmp'
/usr/bin/cmake -E cmake_progress_report /users/guest438/scratch/ENGN2560/ENGN2560/opencv-2.4.13.6/build/CMakeFiles/CMakeTmp/CMakeFiles 1
Building C object CMakeFiles/cmTryCompileExec1411766715.dir/src.c.o
/usr/bin/cc   -O3 -DNDEBUG   -fsigned-char -W -Wall -Werror=return-type -Werror=address -Werror=sequence-point -Wformat -Werror=format-security -Wmissing-declarations -Wmissing-prototypes -Wstrict-prototypes -Wundef -Winit-self -Wpointer-arith -Wshadow -Wsign-promo -o CMakeFiles/cmTryCompileExec1411766715.dir/src.c.o   -c /users/guest438/scratch/ENGN2560/ENGN2560/opencv-2.4.13.6/build/CMakeFiles/CMakeTmp/src.c
cc1: warning: command line option ‘-Wsign-promo’ is valid for C++/ObjC++ but not for C [enabled by default]
/users/guest438/scratch/ENGN2560/ENGN2560/opencv-2.4.13.6/build/CMakeFiles/CMakeTmp/src.c:1:0: warning: ignoring #pragma   [-Wunknown-pragmas]
 #pragma
 ^
Linking C executable cmTryCompileExec1411766715
/usr/bin/cmake -E cmake_link_script CMakeFiles/cmTryCompileExec1411766715.dir/link.txt --verbose=1
/usr/bin/cc    -O3 -DNDEBUG    CMakeFiles/cmTryCompileExec1411766715.dir/src.c.o  -o cmTryCompileExec1411766715 -rdynamic 
gmake[1]: Leaving directory `/gpfs/scratch/guest438/ENGN2560/ENGN2560/opencv-2.4.13.6/build/CMakeFiles/CMakeTmp'

===== END =====

Build output check failed:
    Regex: 'command line option .* is valid for .* but not for C'
    Output line: 'cc1: warning: command line option ‘-Wno-delete-non-virtual-dtor’ is valid for C++/ObjC++ but not for C [enabled by default]'
Compilation failed:
    source file: '/users/guest438/scratch/ENGN2560/ENGN2560/opencv-2.4.13.6/build/CMakeFiles/CMakeTmp/src.c'
    check option: ' -fsigned-char -W -Wall -Werror=return-type -Werror=address -Werror=sequence-point -Wformat -Werror=format-security -Wmissing-declarations -Wmissing-prototypes -Wstrict-prototypes -Wundef -Winit-self -Wpointer-arith -Wshadow -Wno-narrowing  -Wno-delete-non-virtual-dtor'
===== BUILD LOG =====
Change Dir: /users/guest438/scratch/ENGN2560/ENGN2560/opencv-2.4.13.6/build/CMakeFiles/CMakeTmp

Run Build Command:/usr/bin/gmake "cmTryCompileExec3429179103/fast"
/usr/bin/gmake -f CMakeFiles/cmTryCompileExec3429179103.dir/build.make CMakeFiles/cmTryCompileExec3429179103.dir/build
gmake[1]: Entering directory `/gpfs/scratch/guest438/ENGN2560/ENGN2560/opencv-2.4.13.6/build/CMakeFiles/CMakeTmp'
/usr/bin/cmake -E cmake_progress_report /users/guest438/scratch/ENGN2560/ENGN2560/opencv-2.4.13.6/build/CMakeFiles/CMakeTmp/CMakeFiles 1
Building C object CMakeFiles/cmTryCompileExec3429179103.dir/src.c.o
/usr/bin/cc   -O3 -DNDEBUG   -fsigned-char -W -Wall -Werror=return-type -Werror=address -Werror=sequence-point -Wformat -Werror=format-security -Wmissing-declarations -Wmissing-prototypes -Wstrict-prototypes -Wundef -Winit-self -Wpointer-arith -Wshadow -Wno-narrowing -Wno-delete-non-virtual-dtor -o CMakeFiles/cmTryCompileExec3429179103.dir/src.c.o   -c /users/guest438/scratch/ENGN2560/ENGN2560/opencv-2.4.13.6/build/CMakeFiles/CMakeTmp/src.c
cc1: warning: command line option ‘-Wno-delete-non-virtual-dtor’ is valid for C++/ObjC++ but not for C [enabled by default]
/users/guest438/scratch/ENGN2560/ENGN2560/opencv-2.4.13.6/build/CMakeFiles/CMakeTmp/src.c:1:0: warning: ignoring #pragma   [-Wunknown-pragmas]
 #pragma
 ^
Linking C executable cmTryCompileExec3429179103
/usr/bin/cmake -E cmake_link_script CMakeFiles/cmTryCompileExec3429179103.dir/link.txt --verbose=1
/usr/bin/cc    -O3 -DNDEBUG    CMakeFiles/cmTryCompileExec3429179103.dir/src.c.o  -o cmTryCompileExec3429179103 -rdynamic 
gmake[1]: Leaving directory `/gpfs/scratch/guest438/ENGN2560/ENGN2560/opencv-2.4.13.6/build/CMakeFiles/CMakeTmp'

===== END =====

Build output check failed:
    Regex: 'unrecognized .*option'
    Output line: 'cc1plus: warning: unrecognized command line option "-Wno-unnamed-type-template-args" [enabled by default]'
Compilation failed:
    source file: '/users/guest438/scratch/ENGN2560/ENGN2560/opencv-2.4.13.6/build/CMakeFiles/CMakeTmp/src.cxx'
    check option: ' -fsigned-char -W -Wall -Werror=return-type -Werror=address -Werror=sequence-point -Wformat -Werror=format-security -Wmissing-declarations -Wundef -Winit-self -Wpointer-arith -Wshadow -Wsign-promo -Wno-narrowing -Wno-delete-non-virtual-dtor  -Wno-unnamed-type-template-args'
===== BUILD LOG =====
Change Dir: /users/guest438/scratch/ENGN2560/ENGN2560/opencv-2.4.13.6/build/CMakeFiles/CMakeTmp

Run Build Command:/usr/bin/gmake "cmTryCompileExec2005172814/fast"
/usr/bin/gmake -f CMakeFiles/cmTryCompileExec2005172814.dir/build.make CMakeFiles/cmTryCompileExec2005172814.dir/build
gmake[1]: Entering directory `/gpfs/scratch/guest438/ENGN2560/ENGN2560/opencv-2.4.13.6/build/CMakeFiles/CMakeTmp'
/usr/bin/cmake -E cmake_progress_report /users/guest438/scratch/ENGN2560/ENGN2560/opencv-2.4.13.6/build/CMakeFiles/CMakeTmp/CMakeFiles 1
Building CXX object CMakeFiles/cmTryCompileExec2005172814.dir/src.cxx.o
/usr/bin/c++    -O3 -DNDEBUG   -fsigned-char -W -Wall -Werror=return-type -Werror=address -Werror=sequence-point -Wformat -Werror=format-security -Wmissing-declarations -Wundef -Winit-self -Wpointer-arith -Wshadow -Wsign-promo -Wno-narrowing -Wno-delete-non-virtual-dtor -Wno-unnamed-type-template-args -o CMakeFiles/cmTryCompileExec2005172814.dir/src.cxx.o -c /users/guest438/scratch/ENGN2560/ENGN2560/opencv-2.4.13.6/build/CMakeFiles/CMakeTmp/src.cxx
/users/guest438/scratch/ENGN2560/ENGN2560/opencv-2.4.13.6/build/CMakeFiles/CMakeTmp/src.cxx:1:0: warning: ignoring #pragma   [-Wunknown-pragmas]
 #pragma
 ^
cc1plus: warning: unrecognized command line option "-Wno-unnamed-type-template-args" [enabled by default]
Linking CXX executable cmTryCompileExec2005172814
/usr/bin/cmake -E cmake_link_script CMakeFiles/cmTryCompileExec2005172814.dir/link.txt --verbose=1
/usr/bin/c++     -O3 -DNDEBUG    CMakeFiles/cmTryCompileExec2005172814.dir/src.cxx.o  -o cmTryCompileExec2005172814 -rdynamic 
gmake[1]: Leaving directory `/gpfs/scratch/guest438/ENGN2560/ENGN2560/opencv-2.4.13.6/build/CMakeFiles/CMakeTmp'

===== END =====

Build output check failed:
    Regex: 'unrecognized .*option'
    Output line: 'cc1: warning: unrecognized command line option "-Wno-unnamed-type-template-args" [enabled by default]'
Compilation failed:
    source file: '/users/guest438/scratch/ENGN2560/ENGN2560/opencv-2.4.13.6/build/CMakeFiles/CMakeTmp/src.c'
    check option: ' -fsigned-char -W -Wall -Werror=return-type -Werror=address -Werror=sequence-point -Wformat -Werror=format-security -Wmissing-declarations -Wmissing-prototypes -Wstrict-prototypes -Wundef -Winit-self -Wpointer-arith -Wshadow -Wno-narrowing  -Wno-unnamed-type-template-args'
===== BUILD LOG =====
Change Dir: /users/guest438/scratch/ENGN2560/ENGN2560/opencv-2.4.13.6/build/CMakeFiles/CMakeTmp

Run Build Command:/usr/bin/gmake "cmTryCompileExec2411396528/fast"
/usr/bin/gmake -f CMakeFiles/cmTryCompileExec2411396528.dir/build.make CMakeFiles/cmTryCompileExec2411396528.dir/build
gmake[1]: Entering directory `/gpfs/scratch/guest438/ENGN2560/ENGN2560/opencv-2.4.13.6/build/CMakeFiles/CMakeTmp'
/usr/bin/cmake -E cmake_progress_report /users/guest438/scratch/ENGN2560/ENGN2560/opencv-2.4.13.6/build/CMakeFiles/CMakeTmp/CMakeFiles 1
Building C object CMakeFiles/cmTryCompileExec2411396528.dir/src.c.o
/usr/bin/cc   -O3 -DNDEBUG   -fsigned-char -W -Wall -Werror=return-type -Werror=address -Werror=sequence-point -Wformat -Werror=format-security -Wmissing-declarations -Wmissing-prototypes -Wstrict-prototypes -Wundef -Winit-self -Wpointer-arith -Wshadow -Wno-narrowing -Wno-unnamed-type-template-args -o CMakeFiles/cmTryCompileExec2411396528.dir/src.c.o   -c /users/guest438/scratch/ENGN2560/ENGN2560/opencv-2.4.13.6/build/CMakeFiles/CMakeTmp/src.c
/users/guest438/scratch/ENGN2560/ENGN2560/opencv-2.4.13.6/build/CMakeFiles/CMakeTmp/src.c:1:0: warning: ignoring #pragma   [-Wunknown-pragmas]
 #pragma
 ^
cc1: warning: unrecognized command line option "-Wno-unnamed-type-template-args" [enabled by default]
Linking C executable cmTryCompileExec2411396528
/usr/bin/cmake -E cmake_link_script CMakeFiles/cmTryCompileExec2411396528.dir/link.txt --verbose=1
/usr/bin/cc    -O3 -DNDEBUG    CMakeFiles/cmTryCompileExec2411396528.dir/src.c.o  -o cmTryCompileExec2411396528 -rdynamic 
gmake[1]: Leaving directory `/gpfs/scratch/guest438/ENGN2560/ENGN2560/opencv-2.4.13.6/build/CMakeFiles/CMakeTmp'

===== END =====

Determining if the system is big endian passed with the following output:
Change Dir: /users/guest438/scratch/ENGN2560/ENGN2560/opencv-2.4.13.6/build/CMakeFiles/CMakeTmp

Run Build Command:/usr/bin/gmake "cmTryCompileExec821250380/fast"
/usr/bin/gmake -f CMakeFiles/cmTryCompileExec821250380.dir/build.make CMakeFiles/cmTryCompileExec821250380.dir/build
gmake[1]: Entering directory `/gpfs/scratch/guest438/ENGN2560/ENGN2560/opencv-2.4.13.6/build/CMakeFiles/CMakeTmp'
/usr/bin/cmake -E cmake_progress_report /users/guest438/scratch/ENGN2560/ENGN2560/opencv-2.4.13.6/build/CMakeFiles/CMakeTmp/CMakeFiles 1
Building C object CMakeFiles/cmTryCompileExec821250380.dir/TestEndianess.c.o
/usr/bin/cc   -fsigned-char -W -Wall -Werror=return-type -Werror=address -Werror=sequence-point -Wformat -Werror=format-security -Wmissing-declarations -Wmissing-prototypes -Wstrict-prototypes -Wundef -Winit-self -Wpointer-arith -Wshadow -Wno-narrowing -Wno-comment -Wno-array-bounds -Wno-aggressive-loop-optimizations -fdiagnostics-show-option -Wno-long-long -pthread -fomit-frame-pointer -msse -msse2 -msse3 -ffunction-sections  -O3 -DNDEBUG   -o CMakeFiles/cmTryCompileExec821250380.dir/TestEndianess.c.o   -c /users/guest438/scratch/ENGN2560/ENGN2560/opencv-2.4.13.6/build/CMakeFiles/CMakeTmp/TestEndianess.c
Linking C executable cmTryCompileExec821250380
/usr/bin/cmake -E cmake_link_script CMakeFiles/cmTryCompileExec821250380.dir/link.txt --verbose=1
/usr/bin/cc     -fsigned-char -W -Wall -Werror=return-type -Werror=address -Werror=sequence-point -Wformat -Werror=format-security -Wmissing-declarations -Wmissing-prototypes -Wstrict-prototypes -Wundef -Winit-self -Wpointer-arith -Wshadow -Wno-narrowing -Wno-comment -Wno-array-bounds -Wno-aggressive-loop-optimizations -fdiagnostics-show-option -Wno-long-long -pthread -fomit-frame-pointer -msse -msse2 -msse3 -ffunction-sections  -O3 -DNDEBUG    CMakeFiles/cmTryCompileExec821250380.dir/TestEndianess.c.o  -o cmTryCompileExec821250380 -rdynamic 
gmake[1]: Leaving directory `/gpfs/scratch/guest438/ENGN2560/ENGN2560/opencv-2.4.13.6/build/CMakeFiles/CMakeTmp'

TestEndianess.c:
/* A 16 bit integer is required. */
typedef unsigned short cmakeint16;

/* On a little endian machine, these 16bit ints will give "THIS IS LITTLE ENDIAN."
   On a big endian machine the characters will be exchanged pairwise. */
const cmakeint16 info_little[] =  {0x4854, 0x5349, 0x4920, 0x2053, 0x494c, 0x5454, 0x454c, 0x4520, 0x444e, 0x4149, 0x2e4e, 0x0000};

/* on a big endian machine, these 16bit ints will give "THIS IS BIG ENDIAN."
   On a little endian machine the characters will be exchanged pairwise. */
const cmakeint16 info_big[] =     {0x5448, 0x4953, 0x2049, 0x5320, 0x4249, 0x4720, 0x454e, 0x4449, 0x414e, 0x2e2e, 0x0000};

#ifdef __CLASSIC_C__
int main(argc, argv) int argc; char *argv[];
#else
int main(int argc, char *argv[])
#endif
{
  int require = 0;
  require += info_little[argc];
  require += info_big[argc];
  (void)argv;
  return require;
}


Determining if the include file /usr/include/libpng/png.h exists failed with the following output:
Change Dir: /users/guest438/scratch/ENGN2560/ENGN2560/opencv-2.4.13.6/build/CMakeFiles/CMakeTmp

Run Build Command:/usr/bin/gmake "cmTryCompileExec3986677539/fast"
/usr/bin/gmake -f CMakeFiles/cmTryCompileExec3986677539.dir/build.make CMakeFiles/cmTryCompileExec3986677539.dir/build
gmake[1]: Entering directory `/gpfs/scratch/guest438/ENGN2560/ENGN2560/opencv-2.4.13.6/build/CMakeFiles/CMakeTmp'
/usr/bin/cmake -E cmake_progress_report /users/guest438/scratch/ENGN2560/ENGN2560/opencv-2.4.13.6/build/CMakeFiles/CMakeTmp/CMakeFiles 1
Building C object CMakeFiles/cmTryCompileExec3986677539.dir/CheckIncludeFile.c.o
/usr/bin/cc   -fsigned-char -W -Wall -Werror=return-type -Werror=address -Werror=sequence-point -Wformat -Werror=format-security -Wmissing-declarations -Wmissing-prototypes -Wstrict-prototypes -Wundef -Winit-self -Wpointer-arith -Wshadow -Wno-narrowing -Wno-comment -Wno-array-bounds -Wno-aggressive-loop-optimizations -fdiagnostics-show-option -Wno-long-long -pthread -fomit-frame-pointer -msse -msse2 -msse3 -ffunction-sections  -O3 -DNDEBUG   -o CMakeFiles/cmTryCompileExec3986677539.dir/CheckIncludeFile.c.o   -c /users/guest438/scratch/ENGN2560/ENGN2560/opencv-2.4.13.6/build/CMakeFiles/CMakeTmp/CheckIncludeFile.c
/users/guest438/scratch/ENGN2560/ENGN2560/opencv-2.4.13.6/build/CMakeFiles/CMakeTmp/CheckIncludeFile.c:1:37: fatal error: /usr/include/libpng/png.h: No such file or directory
 #include </usr/include/libpng/png.h>
                                     ^
compilation terminated.
gmake[1]: *** [CMakeFiles/cmTryCompileExec3986677539.dir/CheckIncludeFile.c.o] Error 1
gmake[1]: Leaving directory `/gpfs/scratch/guest438/ENGN2560/ENGN2560/opencv-2.4.13.6/build/CMakeFiles/CMakeTmp'
gmake: *** [cmTryCompileExec3986677539/fast] Error 2


Build output check failed:
    Regex: 'unrecognized .*option'
    Output line: 'cc1plus: warning: unrecognized command line option "-Wno-misleading-indentation" [enabled by default]'
Compilation failed:
    source file: '/users/guest438/scratch/ENGN2560/ENGN2560/opencv-2.4.13.6/build/CMakeFiles/CMakeTmp/src.cxx'
    check option: ' -Wno-misleading-indentation'
===== BUILD LOG =====
Change Dir: /users/guest438/scratch/ENGN2560/ENGN2560/opencv-2.4.13.6/build/CMakeFiles/CMakeTmp

Run Build Command:/usr/bin/gmake "cmTryCompileExec3260120637/fast"
/usr/bin/gmake -f CMakeFiles/cmTryCompileExec3260120637.dir/build.make CMakeFiles/cmTryCompileExec3260120637.dir/build
gmake[1]: Entering directory `/gpfs/scratch/guest438/ENGN2560/ENGN2560/opencv-2.4.13.6/build/CMakeFiles/CMakeTmp'
/usr/bin/cmake -E cmake_progress_report /users/guest438/scratch/ENGN2560/ENGN2560/opencv-2.4.13.6/build/CMakeFiles/CMakeTmp/CMakeFiles 1
Building CXX object CMakeFiles/cmTryCompileExec3260120637.dir/src.cxx.o
/usr/bin/c++    -fsigned-char -W -Wall -Werror=return-type -Werror=address -Werror=sequence-point -Wformat -Werror=format-security   -Winit-self -Wpointer-arith  -Wsign-promo -Wno-narrowing -Wno-delete-non-virtual-dtor -Wno-comment -Wno-array-bounds -Wno-aggressive-loop-optimizations -fdiagnostics-show-option -Wno-long-long -pthread -fomit-frame-pointer -msse -msse2 -msse3 -ffunction-sections -Wno-shadow -Wno-unused -Wno-sign-compare -Wno-undef -Wno-missing-declarations -Wno-uninitialized -Wno-switch -Wno-parentheses -Wno-array-bounds -Wno-extra -Wno-deprecated-declarations  -O3 -DNDEBUG   -Wno-misleading-indentation -o CMakeFiles/cmTryCompileExec3260120637.dir/src.cxx.o -c /users/guest438/scratch/ENGN2560/ENGN2560/opencv-2.4.13.6/build/CMakeFiles/CMakeTmp/src.cxx
/users/guest438/scratch/ENGN2560/ENGN2560/opencv-2.4.13.6/build/CMakeFiles/CMakeTmp/src.cxx:1:0: warning: ignoring #pragma   [-Wunknown-pragmas]
 #pragma
 ^
cc1plus: warning: unrecognized command line option "-Wno-misleading-indentation" [enabled by default]
Linking CXX executable cmTryCompileExec3260120637
/usr/bin/cmake -E cmake_link_script CMakeFiles/cmTryCompileExec3260120637.dir/link.txt --verbose=1
/usr/bin/c++      -fsigned-char -W -Wall -Werror=return-type -Werror=address -Werror=sequence-point -Wformat -Werror=format-security   -Winit-self -Wpointer-arith  -Wsign-promo -Wno-narrowing -Wno-delete-non-virtual-dtor -Wno-comment -Wno-array-bounds -Wno-aggressive-loop-optimizations -fdiagnostics-show-option -Wno-long-long -pthread -fomit-frame-pointer -msse -msse2 -msse3 -ffunction-sections -Wno-shadow -Wno-unused -Wno-sign-compare -Wno-undef -Wno-missing-declarations -Wno-uninitialized -Wno-switch -Wno-parentheses -Wno-array-bounds -Wno-extra -Wno-deprecated-declarations  -O3 -DNDEBUG    CMakeFiles/cmTryCompileExec3260120637.dir/src.cxx.o  -o cmTryCompileExec3260120637 -rdynamic 
gmake[1]: Leaving directory `/gpfs/scratch/guest438/ENGN2560/ENGN2560/opencv-2.4.13.6/build/CMakeFiles/CMakeTmp'

===== END =====

Determining if the include file linux/videodev.h exists failed with the following output:
Change Dir: /users/guest438/scratch/ENGN2560/ENGN2560/opencv-2.4.13.6/build/CMakeFiles/CMakeTmp

Run Build Command:/usr/bin/gmake "cmTryCompileExec849778039/fast"
/usr/bin/gmake -f CMakeFiles/cmTryCompileExec849778039.dir/build.make CMakeFiles/cmTryCompileExec849778039.dir/build
gmake[1]: Entering directory `/gpfs/scratch/guest438/ENGN2560/ENGN2560/opencv-2.4.13.6/build/CMakeFiles/CMakeTmp'
/usr/bin/cmake -E cmake_progress_report /users/guest438/scratch/ENGN2560/ENGN2560/opencv-2.4.13.6/build/CMakeFiles/CMakeTmp/CMakeFiles 1
Building C object CMakeFiles/cmTryCompileExec849778039.dir/CheckIncludeFile.c.o
/usr/bin/cc   -fsigned-char -W -Wall -Werror=return-type -Werror=address -Werror=sequence-point -Wformat -Werror=format-security -Wmissing-declarations -Wmissing-prototypes -Wstrict-prototypes -Wundef -Winit-self -Wpointer-arith -Wshadow -Wno-narrowing -Wno-comment -Wno-array-bounds -Wno-aggressive-loop-optimizations -fdiagnostics-show-option -Wno-long-long -pthread -fomit-frame-pointer -msse -msse2 -msse3 -ffunction-sections  -O3 -DNDEBUG   -o CMakeFiles/cmTryCompileExec849778039.dir/CheckIncludeFile.c.o   -c /users/guest438/scratch/ENGN2560/ENGN2560/opencv-2.4.13.6/build/CMakeFiles/CMakeTmp/CheckIncludeFile.c
/users/guest438/scratch/ENGN2560/ENGN2560/opencv-2.4.13.6/build/CMakeFiles/CMakeTmp/CheckIncludeFile.c:1:28: fatal error: linux/videodev.h: No such file or directory
 #include <linux/videodev.h>
                            ^
compilation terminated.
gmake[1]: *** [CMakeFiles/cmTryCompileExec849778039.dir/CheckIncludeFile.c.o] Error 1
gmake[1]: Leaving directory `/gpfs/scratch/guest438/ENGN2560/ENGN2560/opencv-2.4.13.6/build/CMakeFiles/CMakeTmp'
gmake: *** [cmTryCompileExec849778039/fast] Error 2


Determining if the include file sys/videoio.h exists failed with the following output:
Change Dir: /users/guest438/scratch/ENGN2560/ENGN2560/opencv-2.4.13.6/build/CMakeFiles/CMakeTmp

Run Build Command:/usr/bin/gmake "cmTryCompileExec1249612350/fast"
/usr/bin/gmake -f CMakeFiles/cmTryCompileExec1249612350.dir/build.make CMakeFiles/cmTryCompileExec1249612350.dir/build
gmake[1]: Entering directory `/gpfs/scratch/guest438/ENGN2560/ENGN2560/opencv-2.4.13.6/build/CMakeFiles/CMakeTmp'
/usr/bin/cmake -E cmake_progress_report /users/guest438/scratch/ENGN2560/ENGN2560/opencv-2.4.13.6/build/CMakeFiles/CMakeTmp/CMakeFiles 1
Building C object CMakeFiles/cmTryCompileExec1249612350.dir/CheckIncludeFile.c.o
/usr/bin/cc   -fsigned-char -W -Wall -Werror=return-type -Werror=address -Werror=sequence-point -Wformat -Werror=format-security -Wmissing-declarations -Wmissing-prototypes -Wstrict-prototypes -Wundef -Winit-self -Wpointer-arith -Wshadow -Wno-narrowing -Wno-comment -Wno-array-bounds -Wno-aggressive-loop-optimizations -fdiagnostics-show-option -Wno-long-long -pthread -fomit-frame-pointer -msse -msse2 -msse3 -ffunction-sections  -O3 -DNDEBUG   -o CMakeFiles/cmTryCompileExec1249612350.dir/CheckIncludeFile.c.o   -c /users/guest438/scratch/ENGN2560/ENGN2560/opencv-2.4.13.6/build/CMakeFiles/CMakeTmp/CheckIncludeFile.c
/users/guest438/scratch/ENGN2560/ENGN2560/opencv-2.4.13.6/build/CMakeFiles/CMakeTmp/CheckIncludeFile.c:1:25: fatal error: sys/videoio.h: No such file or directory
 #include <sys/videoio.h>
                         ^
compilation terminated.
gmake[1]: *** [CMakeFiles/cmTryCompileExec1249612350.dir/CheckIncludeFile.c.o] Error 1
gmake[1]: Leaving directory `/gpfs/scratch/guest438/ENGN2560/ENGN2560/opencv-2.4.13.6/build/CMakeFiles/CMakeTmp'
gmake: *** [cmTryCompileExec1249612350/fast] Error 2


Build output check failed:
    Regex: 'unrecognized .*option'
    Output line: 'cc1plus: warning: unrecognized command line option "-Wno-unused-private-field" [enabled by default]'
Compilation failed:
    source file: '/users/guest438/scratch/ENGN2560/ENGN2560/opencv-2.4.13.6/build/CMakeFiles/CMakeTmp/src.cxx'
    check option: ' -Wno-unused-private-field'
===== BUILD LOG =====
Change Dir: /users/guest438/scratch/ENGN2560/ENGN2560/opencv-2.4.13.6/build/CMakeFiles/CMakeTmp

Run Build Command:/usr/bin/gmake "cmTryCompileExec3020090026/fast"
/usr/bin/gmake -f CMakeFiles/cmTryCompileExec3020090026.dir/build.make CMakeFiles/cmTryCompileExec3020090026.dir/build
gmake[1]: Entering directory `/gpfs/scratch/guest438/ENGN2560/ENGN2560/opencv-2.4.13.6/build/CMakeFiles/CMakeTmp'
/usr/bin/cmake -E cmake_progress_report /users/guest438/scratch/ENGN2560/ENGN2560/opencv-2.4.13.6/build/CMakeFiles/CMakeTmp/CMakeFiles 1
Building CXX object CMakeFiles/cmTryCompileExec3020090026.dir/src.cxx.o
/usr/bin/c++    -fsigned-char -W -Wall -Werror=return-type -Werror=address -Werror=sequence-point -Wformat -Werror=format-security -Wmissing-declarations -Wundef -Winit-self -Wpointer-arith -Wshadow -Wsign-promo -Wno-narrowing -Wno-delete-non-virtual-dtor -Wno-comment -Wno-array-bounds -Wno-aggressive-loop-optimizations -fdiagnostics-show-option -Wno-long-long -pthread -fomit-frame-pointer -msse -msse2 -msse3 -ffunction-sections  -O3 -DNDEBUG   -Wno-unused-private-field -o CMakeFiles/cmTryCompileExec3020090026.dir/src.cxx.o -c /users/guest438/scratch/ENGN2560/ENGN2560/opencv-2.4.13.6/build/CMakeFiles/CMakeTmp/src.cxx
/users/guest438/scratch/ENGN2560/ENGN2560/opencv-2.4.13.6/build/CMakeFiles/CMakeTmp/src.cxx:1:0: warning: ignoring #pragma   [-Wunknown-pragmas]
 #pragma
 ^
cc1plus: warning: unrecognized command line option "-Wno-unused-private-field" [enabled by default]
Linking CXX executable cmTryCompileExec3020090026
/usr/bin/cmake -E cmake_link_script CMakeFiles/cmTryCompileExec3020090026.dir/link.txt --verbose=1
/usr/bin/c++      -fsigned-char -W -Wall -Werror=return-type -Werror=address -Werror=sequence-point -Wformat -Werror=format-security -Wmissing-declarations -Wundef -Winit-self -Wpointer-arith -Wshadow -Wsign-promo -Wno-narrowing -Wno-delete-non-virtual-dtor -Wno-comment -Wno-array-bounds -Wno-aggressive-loop-optimizations -fdiagnostics-show-option -Wno-long-long -pthread -fomit-frame-pointer -msse -msse2 -msse3 -ffunction-sections  -O3 -DNDEBUG    CMakeFiles/cmTryCompileExec3020090026.dir/src.cxx.o  -o cmTryCompileExec3020090026 -rdynamic 
gmake[1]: Leaving directory `/gpfs/scratch/guest438/ENGN2560/ENGN2560/opencv-2.4.13.6/build/CMakeFiles/CMakeTmp'

===== END =====

Determining if the include file linux/videodev.h exists failed with the following output:
Change Dir: /users/guest438/scratch/ENGN2560/ENGN2560/opencv-2.4.13.6/build/CMakeFiles/CMakeTmp

Run Build Command:/usr/bin/gmake "cmTryCompileExec1603738054/fast"
/usr/bin/gmake -f CMakeFiles/cmTryCompileExec1603738054.dir/build.make CMakeFiles/cmTryCompileExec1603738054.dir/build
gmake[1]: Entering directory `/gpfs/scratch/guest438/ENGN2560/ENGN2560/opencv-2.4.13.6/build/CMakeFiles/CMakeTmp'
/usr/bin/cmake -E cmake_progress_report /users/guest438/scratch/ENGN2560/ENGN2560/opencv-2.4.13.6/build/CMakeFiles/CMakeTmp/CMakeFiles 1
Building C object CMakeFiles/cmTryCompileExec1603738054.dir/CheckIncludeFile.c.o
/usr/bin/cc   -fsigned-char -W -Wall -Werror=return-type -Werror=address -Werror=sequence-point -Wformat -Werror=format-security -Wmissing-declarations -Wmissing-prototypes -Wstrict-prototypes -Wundef -Winit-self -Wpointer-arith -Wshadow -Wno-narrowing -Wno-comment -Wno-array-bounds -Wno-aggressive-loop-optimizations -fdiagnostics-show-option -Wno-long-long -pthread -fomit-frame-pointer -msse -msse2 -msse3 -ffunction-sections  -O3 -DNDEBUG   -o CMakeFiles/cmTryCompileExec1603738054.dir/CheckIncludeFile.c.o   -c /users/guest438/scratch/ENGN2560/ENGN2560/opencv-2.4.13.6/build/CMakeFiles/CMakeTmp/CheckIncludeFile.c
/users/guest438/scratch/ENGN2560/ENGN2560/opencv-2.4.13.6/build/CMakeFiles/CMakeTmp/CheckIncludeFile.c:1:28: fatal error: linux/videodev.h: No such file or directory
 #include <linux/videodev.h>
                            ^
compilation terminated.
gmake[1]: *** [CMakeFiles/cmTryCompileExec1603738054.dir/CheckIncludeFile.c.o] Error 1
gmake[1]: Leaving directory `/gpfs/scratch/guest438/ENGN2560/ENGN2560/opencv-2.4.13.6/build/CMakeFiles/CMakeTmp'
gmake: *** [cmTryCompileExec1603738054/fast] Error 2


Determining if the include file sys/videoio.h exists failed with the following output:
Change Dir: /users/guest438/scratch/ENGN2560/ENGN2560/opencv-2.4.13.6/build/CMakeFiles/CMakeTmp

Run Build Command:/usr/bin/gmake "cmTryCompileExec2707487146/fast"
/usr/bin/gmake -f CMakeFiles/cmTryCompileExec2707487146.dir/build.make CMakeFiles/cmTryCompileExec2707487146.dir/build
gmake[1]: Entering directory `/gpfs/scratch/guest438/ENGN2560/ENGN2560/opencv-2.4.13.6/build/CMakeFiles/CMakeTmp'
/usr/bin/cmake -E cmake_progress_report /users/guest438/scratch/ENGN2560/ENGN2560/opencv-2.4.13.6/build/CMakeFiles/CMakeTmp/CMakeFiles 1
Building C object CMakeFiles/cmTryCompileExec2707487146.dir/CheckIncludeFile.c.o
/usr/bin/cc   -fsigned-char -W -Wall -Werror=return-type -Werror=address -Werror=sequence-point -Wformat -Werror=format-security -Wmissing-declarations -Wmissing-prototypes -Wstrict-prototypes -Wundef -Winit-self -Wpointer-arith -Wshadow -Wno-narrowing -Wno-comment -Wno-array-bounds -Wno-aggressive-loop-optimizations -fdiagnostics-show-option -Wno-long-long -pthread -fomit-frame-pointer -msse -msse2 -msse3 -ffunction-sections  -O3 -DNDEBUG   -o CMakeFiles/cmTryCompileExec2707487146.dir/CheckIncludeFile.c.o   -c /users/guest438/scratch/ENGN2560/ENGN2560/opencv-2.4.13.6/build/CMakeFiles/CMakeTmp/CheckIncludeFile.c
/users/guest438/scratch/ENGN2560/ENGN2560/opencv-2.4.13.6/build/CMakeFiles/CMakeTmp/CheckIncludeFile.c:1:25: fatal error: sys/videoio.h: No such file or directory
 #include <sys/videoio.h>
                         ^
compilation terminated.
gmake[1]: *** [CMakeFiles/cmTryCompileExec2707487146.dir/CheckIncludeFile.c.o] Error 1
gmake[1]: Leaving directory `/gpfs/scratch/guest438/ENGN2560/ENGN2560/opencv-2.4.13.6/build/CMakeFiles/CMakeTmp'
gmake: *** [cmTryCompileExec2707487146/fast] Error 2


Determining if the include file linux/videodev.h exists failed with the following output:
Change Dir: /users/guest438/scratch/ENGN2560/ENGN2560/opencv-2.4.13.6/build/CMakeFiles/CMakeTmp

Run Build Command:/usr/bin/gmake "cmTryCompileExec435615740/fast"
/usr/bin/gmake -f CMakeFiles/cmTryCompileExec435615740.dir/build.make CMakeFiles/cmTryCompileExec435615740.dir/build
gmake[1]: Entering directory `/gpfs/scratch/guest438/ENGN2560/ENGN2560/opencv-2.4.13.6/build/CMakeFiles/CMakeTmp'
/usr/bin/cmake -E cmake_progress_report /users/guest438/scratch/ENGN2560/ENGN2560/opencv-2.4.13.6/build/CMakeFiles/CMakeTmp/CMakeFiles 1
Building C object CMakeFiles/cmTryCompileExec435615740.dir/CheckIncludeFile.c.o
/usr/bin/cc   -fsigned-char -W -Wall -Werror=return-type -Werror=address -Werror=sequence-point -Wformat -Werror=format-security -Wmissing-declarations -Wmissing-prototypes -Wstrict-prototypes -Wundef -Winit-self -Wpointer-arith -Wshadow -Wno-narrowing -Wno-comment -Wno-array-bounds -Wno-aggressive-loop-optimizations -fdiagnostics-show-option -Wno-long-long -pthread -fomit-frame-pointer -msse -msse2 -msse3 -ffunction-sections  -O3 -DNDEBUG   -o CMakeFiles/cmTryCompileExec435615740.dir/CheckIncludeFile.c.o   -c /users/guest438/scratch/ENGN2560/ENGN2560/opencv-2.4.13.6/build/CMakeFiles/CMakeTmp/CheckIncludeFile.c
/users/guest438/scratch/ENGN2560/ENGN2560/opencv-2.4.13.6/build/CMakeFiles/CMakeTmp/CheckIncludeFile.c:1:28: fatal error: linux/videodev.h: No such file or directory
 #include <linux/videodev.h>
                            ^
compilation terminated.
gmake[1]: *** [CMakeFiles/cmTryCompileExec435615740.dir/CheckIncludeFile.c.o] Error 1
gmake[1]: Leaving directory `/gpfs/scratch/guest438/ENGN2560/ENGN2560/opencv-2.4.13.6/build/CMakeFiles/CMakeTmp'
gmake: *** [cmTryCompileExec435615740/fast] Error 2


Determining if the include file sys/videoio.h exists failed with the following output:
Change Dir: /users/guest438/scratch/ENGN2560/ENGN2560/opencv-2.4.13.6/build/CMakeFiles/CMakeTmp

Run Build Command:/usr/bin/gmake "cmTryCompileExec3958844817/fast"
/usr/bin/gmake -f CMakeFiles/cmTryCompileExec3958844817.dir/build.make CMakeFiles/cmTryCompileExec3958844817.dir/build
gmake[1]: Entering directory `/gpfs/scratch/guest438/ENGN2560/ENGN2560/opencv-2.4.13.6/build/CMakeFiles/CMakeTmp'
/usr/bin/cmake -E cmake_progress_report /users/guest438/scratch/ENGN2560/ENGN2560/opencv-2.4.13.6/build/CMakeFiles/CMakeTmp/CMakeFiles 1
Building C object CMakeFiles/cmTryCompileExec3958844817.dir/CheckIncludeFile.c.o
/usr/bin/cc   -fsigned-char -W -Wall -Werror=return-type -Werror=address -Werror=sequence-point -Wformat -Werror=format-security -Wmissing-declarations -Wmissing-prototypes -Wstrict-prototypes -Wundef -Winit-self -Wpointer-arith -Wshadow -Wno-narrowing -Wno-comment -Wno-array-bounds -Wno-aggressive-loop-optimizations -fdiagnostics-show-option -Wno-long-long -pthread -fomit-frame-pointer -msse -msse2 -msse3 -ffunction-sections  -O3 -DNDEBUG   -o CMakeFiles/cmTryCompileExec3958844817.dir/CheckIncludeFile.c.o   -c /users/guest438/scratch/ENGN2560/ENGN2560/opencv-2.4.13.6/build/CMakeFiles/CMakeTmp/CheckIncludeFile.c
/users/guest438/scratch/ENGN2560/ENGN2560/opencv-2.4.13.6/build/CMakeFiles/CMakeTmp/CheckIncludeFile.c:1:25: fatal error: sys/videoio.h: No such file or directory
 #include <sys/videoio.h>
                         ^
compilation terminated.
gmake[1]: *** [CMakeFiles/cmTryCompileExec3958844817.dir/CheckIncludeFile.c.o] Error 1
gmake[1]: Leaving directory `/gpfs/scratch/guest438/ENGN2560/ENGN2560/opencv-2.4.13.6/build/CMakeFiles/CMakeTmp'
gmake: *** [cmTryCompileExec3958844817/fast] Error 2


